[debug] [2021-09-16T05:15:06.859Z] ----------------------------------------------------------------------
[debug] [2021-09-16T05:15:06.862Z] Command:       C:\Program Files\nodejs\node.exe C:\Users\Avenger\AppData\Roaming\npm\node_modules\firebase-tools\lib\bin\firebase.js deploy
[debug] [2021-09-16T05:15:06.862Z] CLI Version:   9.13.0
[debug] [2021-09-16T05:15:06.863Z] Platform:      win32
[debug] [2021-09-16T05:15:06.863Z] Node Version:  v14.15.5
[debug] [2021-09-16T05:15:06.864Z] Time:          Thu Sep 16 2021 11:15:06 GMT+0600 (Bangladesh Standard Time)
[debug] [2021-09-16T05:15:06.864Z] ----------------------------------------------------------------------
[debug] 
[debug] [2021-09-16T05:15:06.875Z] > command requires scopes: ["email","openid","https://www.googleapis.com/auth/cloudplatformprojects.readonly","https://www.googleapis.com/auth/firebase","https://www.googleapis.com/auth/cloud-platform"]
[debug] [2021-09-16T05:15:06.875Z] > authorizing via signed-in user (niternotebot@gmail.com)
[debug] [2021-09-16T05:15:06.875Z] [iam] checking project niternote-bot for permissions ["firebase.projects.get","firebasehosting.sites.update"]
[debug] [2021-09-16T05:15:06.878Z] >>> HTTP REQUEST POST https://cloudresourcemanager.googleapis.com/v1/projects/niternote-bot:testIamPermissions  
 {"permissions":["firebase.projects.get","firebasehosting.sites.update"]}
[debug] [2021-09-16T05:15:08.207Z] <<< HTTP RESPONSE 200 {"content-type":"application/json; charset=UTF-8","vary":"X-Origin, Referer, Origin,Accept-Encoding","date":"Thu, 16 Sep 2021 05:15:08 GMT","server":"ESF","cache-control":"private","x-xss-protection":"0","x-frame-options":"SAMEORIGIN","x-content-type-options":"nosniff","server-timing":"gfet4t7; dur=963","alt-svc":"h3=\":443\"; ma=2592000,h3-29=\":443\"; ma=2592000,h3-T051=\":443\"; ma=2592000,h3-Q050=\":443\"; ma=2592000,h3-Q046=\":443\"; ma=2592000,h3-Q043=\":443\"; ma=2592000,quic=\":443\"; ma=2592000; v=\"46,43\"","accept-ranges":"none","transfer-encoding":"chunked"}
[debug] [2021-09-16T05:15:08.210Z] > refreshing access token with scopes: []
[debug] [2021-09-16T05:15:08.210Z] >>> HTTP REQUEST POST https://www.googleapis.com/oauth2/v3/token  
 <request body omitted>
[debug] [2021-09-16T05:15:08.559Z] <<< HTTP RESPONSE 200 {"date":"Thu, 16 Sep 2021 05:15:08 GMT","expires":"Mon, 01 Jan 1990 00:00:00 GMT","cache-control":"no-cache, no-store, max-age=0, must-revalidate","pragma":"no-cache","content-type":"application/json; charset=utf-8","vary":"X-Origin, Referer, Origin,Accept-Encoding","server":"scaffolding on HTTPServer2","x-xss-protection":"0","x-frame-options":"SAMEORIGIN","x-content-type-options":"nosniff","alt-svc":"h3=\":443\"; ma=2592000,h3-29=\":443\"; ma=2592000,h3-T051=\":443\"; ma=2592000,h3-Q050=\":443\"; ma=2592000,h3-Q046=\":443\"; ma=2592000,h3-Q043=\":443\"; ma=2592000,quic=\":443\"; ma=2592000; v=\"46,43\"","accept-ranges":"none","transfer-encoding":"chunked"}
[debug] [2021-09-16T05:15:08.576Z] >>> [apiv2][query] GET https://firebase.googleapis.com/v1beta1/projects/niternote-bot [none]
[debug] [2021-09-16T05:15:10.296Z] <<< [apiv2][status] GET https://firebase.googleapis.com/v1beta1/projects/niternote-bot 200
[debug] [2021-09-16T05:15:10.296Z] <<< [apiv2][body] GET https://firebase.googleapis.com/v1beta1/projects/niternote-bot {"projectId":"niternote-bot","projectNumber":"732920293805","displayName":"niternote-bot","name":"projects/niternote-bot","resources":{"hostingSite":"niternote-bot"},"state":"ACTIVE"}
[info] 
[info] === Deploying to 'niternote-bot'...
[info] 
[info] i  deploying hosting 
[debug] [2021-09-16T05:15:10.302Z] > refreshing access token with scopes: ["email","https://www.googleapis.com/auth/cloud-platform","https://www.googleapis.com/auth/cloudplatformprojects.readonly","https://www.googleapis.com/auth/firebase","openid"]
[debug] [2021-09-16T05:15:10.302Z] >>> HTTP REQUEST POST https://www.googleapis.com/oauth2/v3/token  
 <request body omitted>
[debug] [2021-09-16T05:15:10.681Z] <<< HTTP RESPONSE 200 {"date":"Thu, 16 Sep 2021 05:15:10 GMT","cache-control":"no-cache, no-store, max-age=0, must-revalidate","pragma":"no-cache","expires":"Mon, 01 Jan 1990 00:00:00 GMT","content-type":"application/json; charset=utf-8","vary":"X-Origin, Referer, Origin,Accept-Encoding","server":"scaffolding on HTTPServer2","x-xss-protection":"0","x-frame-options":"SAMEORIGIN","x-content-type-options":"nosniff","alt-svc":"h3=\":443\"; ma=2592000,h3-29=\":443\"; ma=2592000,h3-T051=\":443\"; ma=2592000,h3-Q050=\":443\"; ma=2592000,h3-Q046=\":443\"; ma=2592000,h3-Q043=\":443\"; ma=2592000,quic=\":443\"; ma=2592000; v=\"46,43\"","accept-ranges":"none","transfer-encoding":"chunked"}
[debug] [2021-09-16T05:15:10.695Z] >>> HTTP REQUEST POST https://firebasehosting.googleapis.com/v1beta1/sites/niternotebot/versions  
 {"config":{},"labels":{"deployment-tool":"cli-firebase"}}
[debug] [2021-09-16T05:15:12.694Z] <<< HTTP RESPONSE 200 {"content-type":"application/json; charset=UTF-8","vary":"X-Origin, Referer, Origin,Accept-Encoding","date":"Thu, 16 Sep 2021 05:15:12 GMT","server":"ESF","cache-control":"private","x-xss-protection":"0","x-frame-options":"SAMEORIGIN","x-content-type-options":"nosniff","alt-svc":"h3=\":443\"; ma=2592000,h3-29=\":443\"; ma=2592000,h3-T051=\":443\"; ma=2592000,h3-Q050=\":443\"; ma=2592000,h3-Q046=\":443\"; ma=2592000,h3-Q043=\":443\"; ma=2592000,quic=\":443\"; ma=2592000; v=\"46,43\"","accept-ranges":"none","transfer-encoding":"chunked"}
[info] i  hosting[niternotebot]: beginning deploy... 
[info] i  hosting[niternotebot]: found 76 files in public 
[debug] [2021-09-16T05:15:12.761Z] > refreshing access token with scopes: []
[debug] [2021-09-16T05:15:12.762Z] >>> HTTP REQUEST POST https://www.googleapis.com/oauth2/v3/token  
 <request body omitted>
[debug] [2021-09-16T05:15:12.763Z] [hosting] hash cache [cHVibGlj] stored for 76 files
[debug] [2021-09-16T05:15:12.764Z] [hosting][hash queue][FINAL] {"max":9,"min":0,"avg":0.9552671603889912,"active":0,"complete":76,"success":76,"errored":0,"retried":0,"total":76,"elapsed":13}
[debug] [2021-09-16T05:15:13.157Z] <<< HTTP RESPONSE 200 {"cache-control":"no-cache, no-store, max-age=0, must-revalidate","date":"Thu, 16 Sep 2021 05:15:13 GMT","expires":"Mon, 01 Jan 1990 00:00:00 GMT","pragma":"no-cache","content-type":"application/json; charset=utf-8","vary":"X-Origin, Referer, Origin,Accept-Encoding","server":"scaffolding on HTTPServer2","x-xss-protection":"0","x-frame-options":"SAMEORIGIN","x-content-type-options":"nosniff","alt-svc":"h3=\":443\"; ma=2592000,h3-29=\":443\"; ma=2592000,h3-T051=\":443\"; ma=2592000,h3-Q050=\":443\"; ma=2592000,h3-Q046=\":443\"; ma=2592000,h3-Q043=\":443\"; ma=2592000,quic=\":443\"; ma=2592000; v=\"46,43\"","accept-ranges":"none","transfer-encoding":"chunked"}
[debug] [2021-09-16T05:15:13.171Z] >>> [apiv2][query] POST https://firebasehosting.googleapis.com/v1beta1/sites/niternotebot/versions/285d07c6dd547e4b:populateFiles [none]
[debug] [2021-09-16T05:15:13.171Z] >>> [apiv2][body] POST https://firebasehosting.googleapis.com/v1beta1/sites/niternotebot/versions/285d07c6dd547e4b:populateFiles {"files":{"/404.html":"542ff7ba1323d969815dd809333daca3c83d5ccfa2ccc2e89f8d29ab21fb5058","/index.html":"4a596ba2eddfe516cd97bf645cd3ae7d7df1311218593c316ac2b92a17f169e2","/2021/06/index.html":"74cf2dc92ad886ae6651ef0d6571c272d5168a9a920dcb15574d62756b07a03e","/author/nafi/index.html":"f8cc962d550e5c2c2eb95d99c3bf8d004f685102ebb70921b9e30971088a3661","/author/nafi/feed/index.xml":"c0579e1be977f8805ed257311860324e59717c16221d7f73034375e2caa8932b","/category/uncategorized/index.html":"2ad35859e6713450536b5b74f60290984a78ac21f4ec8fb5ab5fc346bf12e5f5","/category/uncategorized/feed/index.xml":"fef1ffe656870ca071fd099fae3c47cdc5ec86ff6ba28273d67a2028722fe5c1","/comments/feed/index.xml":"ddfa53e0aca69dd3a07557bb59cc7ccae928fe416bdd9fca4abff69531fc6056","/coverform/index.html":"b6ecdf157fbaf101f95f67519b0dffcc5f14f49e8fdb0ced230581d71e56939d","/download/index2.html":"e2d940ab35f3f4d916cfc889f87c918e9f42f8ec0be4212d7277f07023e882f2","/feed/index.xml":"fadefd73d7d9a2fa5f6d80d3031945f6253bc55d7162adcecb832093b6139352","/hello-world/index.html":"cefb055099da259085488356c085b0fa91a9d016e318c943a6d3c4de2acfebcb","/hello-world/feed/index.xml":"58172de1659dfa2feb1f6f66a51f3df3106ea0cef360e6360ddbcfedf73dfee7","/labreport/index.html":"07d60871238248e1ce1e71a4c1327015eb812322f64fe603e045a97371cd62b1","/wp-content/plugins/elementor/assets/css/frontend.min.css":"1d21af1a27bbdf602533ab48950126e63073055ea0f95dc549b9f0694cf1cbda","/wp-content/plugins/elementor/assets/js/frontend-modules.min.js":"dcd20af116b381284125872247cbec0f5483dc4a52c0af1832fe23f2b9f6ac75","/wp-content/plugins/elementor/assets/js/frontend.min.js":"7cc6da31aa153942badf765310970c130c696d5b934f6c25d0c92f9b53be91ce","/wp-content/plugins/elementor/assets/js/preloaded-modules.min.js":"42452ca3bf55a0b05f41b4acd274a9c7b7d36853ebc9ff23f2d5a6072e3c1b36","/wp-content/plugins/elementor/assets/js/webpack.runtime.min.js":"995862b6f8b94fb8bdd359d202f3519992b273767bbd8daacf6227ba8216b74f","/wp-content/plugins/elementor/assets/lib/animations/animations.min.css":"fb4701db31e32135dc0601dbdf262a292a7869d450d93a9e0f563094cb532626","/wp-content/plugins/elementor/assets/lib/dialog/dialog.min.js":"098a68cf115b7ce27ec86209fd756493a193995d8571e9525a0f2d5f60591592","/wp-content/plugins/elementor/assets/lib/eicons/css/elementor-icons.min.css":"5aef778ed204222170676e78c13fe112c873d5766b2b3f4b1bd7b2e54a505f7d","/wp-content/plugins/elementor/assets/lib/eicons/fonts/eicons.eot":"c994063a4be96ffeefacfd40340dcc9f75c4902cfd765f06c7bc4696d637d894","/wp-content/plugins/elementor/assets/lib/eicons/fonts/eicons.svg":"6da5e412b96a399ae6c1d83d4f8b2a7b8f0fe8cd31ca26c5ffcd5af5571f7bc8","/wp-content/plugins/elementor/assets/lib/eicons/fonts/eicons.ttf":"4566e1504a4290d066c26179ae88a8a0747196c1070bee7e4e9432f6234b9c6b","/wp-content/plugins/elementor/assets/lib/eicons/fonts/eicons.woff":"8f939db05ab3415223bc5cd68274676a0c59a9ed18ba9708fea24b0375d1a774","/wp-content/plugins/elementor/assets/lib/eicons/fonts/eicons.woff2":"13e33dc9a6ed7565d9de455f4d69f1c33ea3072cdaa812257886a43d71edc682","/wp-content/plugins/elementor/assets/lib/font-awesome/css/fontawesome.min.css":"65761a1235a69bc586ccd02ef69a1e7e943ce898fd5c02a8c567c4e3fea1b543","/wp-content/plugins/elementor/assets/lib/font-awesome/css/regular.min.css":"a5efde7e6c9bf48be557d68a7d54019a6f620c086aa2c6a7def30240e1b68797","/wp-content/plugins/elementor/assets/lib/font-awesome/css/solid.min.css":"62174c792ffce9f4d85891bab4457f592bc2530b5cfcd476cc2e0634cfcfe001","/wp-content/plugins/elementor/assets/lib/font-awesome/webfonts/fa-regular-400.eot":"56d573ad0adf72d9a169c09f752e8486f9638886ef8c9086a035e8fde97e9916","/wp-content/plugins/elementor/assets/lib/font-awesome/webfonts/fa-regular-400.svg":"9158a04fca0266faf334fb233c9a0adfaba51cdf68b6c50a765167026bc80ac1","/wp-content/plugins/elementor/assets/lib/font-awesome/webfonts/fa-regular-400.ttf":"5b94be549fd8a5aaad71150b1bc0320fc64a8fa85960481a86243469e0076caf","/wp-content/plugins/elementor/assets/lib/font-awesome/webfonts/fa-regular-400.woff":"66b0c41aa009e3511e3d50e73bacb1e2610977cadd6a7c39b61a1e53a11e4bf3","/wp-content/plugins/elementor/assets/lib/font-awesome/webfonts/fa-regular-400.woff2":"682676b9a4635c93e520444bca99632c5d9933ccc8972b228f99b6b68ef4b406","/wp-content/plugins/elementor/assets/lib/font-awesome/webfonts/fa-solid-900.eot":"8b7f27a7b6b5fac0b063ae245a6e047d2fe08a58ec874758478f6f4a2657c2ff","/wp-content/plugins/elementor/assets/lib/font-awesome/webfonts/fa-solid-900.svg":"87404c35cca52b9e2a9451fc43e951b8aa8f73dbda8bb11772c5ec0b0d482f5f","/wp-content/plugins/elementor/assets/lib/font-awesome/webfonts/fa-solid-900.ttf":"cfa4da78991398e75581b5007f67892cf2fab691f46148579a170e2198493304","/wp-content/plugins/elementor/assets/lib/font-awesome/webfonts/fa-solid-900.woff":"d096aa71777aa0eff9244c950b02a500d54bd34223cb649755bca4804877be90","/wp-content/plugins/elementor/assets/lib/font-awesome/webfonts/fa-solid-900.woff2":"1372dcb89880aed93ada00d7bef08bd992d7c949b67007e99f6c0be11eda15e5","/wp-content/plugins/elementor/assets/lib/share-link/share-link.min.js":"9951e88ffd95187f73f9f92e7d529bd455369dfce7e1b53ee9908dfd7721def1","/wp-content/plugins/elementor/assets/lib/swiper/swiper.min.js":"545a78f7c56710e94398f82c763a51b3e459b2f302ffa574d9b2592d15a68d2a","/wp-content/plugins/elementor/assets/lib/waypoints/waypoints.min.js":"bdcdf412a9732af95a98d579c2808eac7d7fe3a86407bc8f802d490782ed24a0","/wp-content/plugins/elementor-pro/assets/css/frontend.min.css":"b5ec141f51ef02a538b50755f3eb11269c79d48d990b6554ec0c3357a794c182","/wp-content/plugins/elementor-pro/assets/js/frontend.min.js":"fbb6ed266fe4416c3c0ca12ca3e1dffbb2db95b798683003ce2c8aca5d024bac","/wp-content/plugins/elementor-pro/assets/js/preloaded-elements-handlers.min.js":"21864563a1113c03b65e31eae8bad9b09d0ed83e680bf94ad842dcb7c75bcb65","/wp-content/plugins/elementor-pro/assets/js/webpack-pro.runtime.min.js":"946eedaa3068d3371303714130a93106624a78e703995a69d5f0ab53191b8859","/wp-content/plugins/elementor-pro/assets/lib/sticky/jquery.sticky.min.js":"cf0ca1a30fc7d7d1feb6fee3442e6abc4ea6c6a01c47a2454c90004ca5d71624","/wp-content/plugins/ParticleJs-WP-Plugin-master/includes/particles.js":"0a2a66ce50bbef4ba91afa86c28a6ab8e3d811cc9230619c219522e07bcf34a2","/wp-content/plugins/ultimate-elementor/assets/min-css/uael-frontend.min.css":"f2851bcd015d1494082d0dd05b79a378feb498c8b55a0adc5231b5e1fcdc174c","/wp-content/themes/astra/assets/css/minified/main.min.css":"e3fab24c33837051f7a18a7e14fe6ddd902567286d71121f1e5ac4e597ec5240","/wp-content/themes/astra/assets/js/minified/frontend.min.js":"9fe1c344a48df716ca679dc938878990ab095a87bc62f139aae5e3d788986370","/wp-content/uploads/2021/06/60588642_2119028744810943_8825878255333539840_n-1024x1024.png":"097e7f7f358164e2bf4d2014ef84baa27a5b6669c36a82838fcdf0547a417460","/wp-content/uploads/2021/06/60588642_2119028744810943_8825878255333539840_n-150x150.png":"e635028384e4b4e23b8a7f29a8018b5d60fb78e9132fb99a8979294b225711c2","/wp-content/uploads/2021/06/60588642_2119028744810943_8825878255333539840_n-1536x1536.png":"dd8341d53fd5f445cd96a2a286f0fad8b26701cc39fb75512cd4098308d049c2","/wp-content/uploads/2021/06/60588642_2119028744810943_8825878255333539840_n-2048x2048.png":"88131972f33e00747fac705c90c37109f45e16c4f8bf83246c418c35c2e98c81","/wp-content/uploads/2021/06/60588642_2119028744810943_8825878255333539840_n-300x300.png":"a75380399d93fa060a717c37c0907d36773103fc4221015c6ed25f6ec26bf3b0","/wp-content/uploads/2021/06/60588642_2119028744810943_8825878255333539840_n-768x768.png":"ea1498dd259754bb0d8a363303d2b41186de8618a78385911dffb0c6142243d1","/wp-content/uploads/2021/06/cropped-60588642_2119028744810943_8825878255333539840_n-180x180.png":"7b18ea3e2bf6062905aa3117a5bc92f8010847075097c25b76134fb5671c6c19","/wp-content/uploads/2021/06/cropped-60588642_2119028744810943_8825878255333539840_n-192x192.png":"1f7c3bec515e224e74e950f09597f5448f4ebab756fffcf939044d3caea7433e","/wp-content/uploads/2021/06/cropped-60588642_2119028744810943_8825878255333539840_n-32x32.png":"a439f8b9ff77abf7f07126d8b315549d08105672fa196fbd0dc0c14150d95282","/wp-content/uploads/elementor/css/global.css":"f9510d44b4c3ff29a6b6b65d90826d76c5297c7bfd372bb47447d7194adcbd33","/wp-content/uploads/elementor/css/post-159.css":"6ae9aa7288fb6de9491f484066fd55f27710cde77d9a2fc2cbf313e1d85d1332","/wp-content/uploads/elementor/css/post-18.css":"540b6a2395b7b658fda730de515150e233fe75e68943cdbf597fdeeb6e2fa3b7","/wp-content/uploads/elementor/css/post-195.css":"d365658759a2bce65e45894794d5f83e77df21c5e8e1767df6f4b67ddae4dc95","/wp-content/uploads/elementor/css/post-32.css":"79d33304ba67878a67b2f1d07d5c5e567e95da956d9025a63a97814f92e84e5b","/wp-content/uploads/elementor/css/post-8.css":"2d5ddfd6f9304944c73fdf7da36555150b5e488cb7f484145c20de545d88cafe","/wp-includes/wlwmanifest.xml":"1f9e8a01dfc742fd4b952a84e7510dfe76a2e8e75010493756e791d6dee16e85","/wp-includes/css/dist/block-library/style.min.css":"adfd8f6fd227c4a82dc134bac24e0db0f3af6f3c6b4777486c01aca20c56c56d","/wp-includes/js/comment-reply.min.js":"72b02ba7eaa4da080effb15cb4463bf98d7ebbfd5a672ab800a79a9463175a74","/wp-includes/js/wp-embed.min.js":"485ab60c482d9872a3cd7a3bae47ec2172cd76e17eb93ba18f7fb60ff85c68a0","/wp-includes/js/jquery/jquery-migrate.min.js":"0334a42844946f6d92d9301fc2770b0bdad1d359f923c16f6251ffeeb384c87c","/wp-includes/js/jquery/jquery.min.js":"035e115134fb01b11c467464e86fde9e350dd184a1ada9d2979eef8b803323cf","/wp-includes/js/jquery/ui/core.min.js":"af6d2b9b37fef06a6df2b5a72a597910cb2a359ae4e2a8d34d9bb158ff335415","/download/index.html":"6a1bc608ed9ee66110a7f195cde172aabcc7cafa83fa76a09d8f6c45c0255a5d","/url1/index.html":"4fc41a5587f04f2d2a02573d57a1128dd1abdd6765d6c278c976091bf6a949db"}}
[debug] [2021-09-16T05:15:15.516Z] <<< [apiv2][status] POST https://firebasehosting.googleapis.com/v1beta1/sites/niternotebot/versions/285d07c6dd547e4b:populateFiles 200
[debug] [2021-09-16T05:15:15.516Z] <<< [apiv2][body] POST https://firebasehosting.googleapis.com/v1beta1/sites/niternotebot/versions/285d07c6dd547e4b:populateFiles {"uploadRequiredHashes":["4fc41a5587f04f2d2a02573d57a1128dd1abdd6765d6c278c976091bf6a949db","6a1bc608ed9ee66110a7f195cde172aabcc7cafa83fa76a09d8f6c45c0255a5d"],"uploadUrl":"https://upload-firebasehosting.googleapis.com/upload/sites/niternotebot/versions/285d07c6dd547e4b/files"}
[debug] [2021-09-16T05:15:15.517Z] >>> [apiv2][query] POST https://upload-firebasehosting.googleapis.com/upload/sites/niternotebot/versions/285d07c6dd547e4b/files/4fc41a5587f04f2d2a02573d57a1128dd1abdd6765d6c278c976091bf6a949db [none]
[debug] [2021-09-16T05:15:15.517Z] >>> [apiv2][body] POST https://upload-firebasehosting.googleapis.com/upload/sites/niternotebot/versions/285d07c6dd547e4b/files/4fc41a5587f04f2d2a02573d57a1128dd1abdd6765d6c278c976091bf6a949db [stream]
[debug] [2021-09-16T05:15:15.518Z] >>> [apiv2][query] POST https://upload-firebasehosting.googleapis.com/upload/sites/niternotebot/versions/285d07c6dd547e4b/files/6a1bc608ed9ee66110a7f195cde172aabcc7cafa83fa76a09d8f6c45c0255a5d [none]
[debug] [2021-09-16T05:15:15.518Z] >>> [apiv2][body] POST https://upload-firebasehosting.googleapis.com/upload/sites/niternotebot/versions/285d07c6dd547e4b/files/6a1bc608ed9ee66110a7f195cde172aabcc7cafa83fa76a09d8f6c45c0255a5d [stream]
[debug] [2021-09-16T05:15:15.520Z] [hosting][populate queue][FINAL] {"max":2756,"min":2756,"avg":2756,"active":0,"complete":1,"success":1,"errored":0,"retried":0,"total":1,"elapsed":2759}
[debug] [2021-09-16T05:15:15.520Z] [hosting] uploads queued: 2
[debug] [2021-09-16T05:15:18.775Z] <<< [apiv2][status] POST https://upload-firebasehosting.googleapis.com/upload/sites/niternotebot/versions/285d07c6dd547e4b/files/6a1bc608ed9ee66110a7f195cde172aabcc7cafa83fa76a09d8f6c45c0255a5d 200
[debug] [2021-09-16T05:15:18.775Z] <<< [apiv2][body] POST https://upload-firebasehosting.googleapis.com/upload/sites/niternotebot/versions/285d07c6dd547e4b/files/6a1bc608ed9ee66110a7f195cde172aabcc7cafa83fa76a09d8f6c45c0255a5d [stream]
[debug] [2021-09-16T05:15:18.932Z] <<< [apiv2][status] POST https://upload-firebasehosting.googleapis.com/upload/sites/niternotebot/versions/285d07c6dd547e4b/files/4fc41a5587f04f2d2a02573d57a1128dd1abdd6765d6c278c976091bf6a949db 200
[debug] [2021-09-16T05:15:18.933Z] <<< [apiv2][body] POST https://upload-firebasehosting.googleapis.com/upload/sites/niternotebot/versions/285d07c6dd547e4b/files/4fc41a5587f04f2d2a02573d57a1128dd1abdd6765d6c278c976091bf6a949db [stream]
[debug] [2021-09-16T05:15:18.933Z] [hosting][upload queue][FINAL] {"max":3417,"min":3258,"avg":3337.5,"active":0,"complete":2,"success":2,"errored":0,"retried":0,"total":2,"elapsed":3417}
[info] +  hosting[niternotebot]: file upload complete 
[debug] [2021-09-16T05:15:18.934Z] [hosting] deploy completed after 6238ms
[debug] [2021-09-16T05:15:18.937Z] [
  {
    "config": {
      "site": "niternotebot",
      "public": "public",
      "ignore": [
        "firebase.json",
        "**/.*",
        "**/node_modules/**"
      ]
    },
    "site": "niternotebot",
    "version": "sites/niternotebot/versions/285d07c6dd547e4b"
  }
]
[info] i  hosting[niternotebot]: finalizing version... 
[debug] [2021-09-16T05:15:18.938Z] > refreshing access token with scopes: ["email","https://www.googleapis.com/auth/cloud-platform","https://www.googleapis.com/auth/cloudplatformprojects.readonly","https://www.googleapis.com/auth/firebase","openid"]
[debug] [2021-09-16T05:15:18.939Z] >>> HTTP REQUEST POST https://www.googleapis.com/oauth2/v3/token  
 <request body omitted>
[debug] [2021-09-16T05:15:20.872Z] <<< HTTP RESPONSE 200 {"date":"Thu, 16 Sep 2021 05:15:20 GMT","expires":"Mon, 01 Jan 1990 00:00:00 GMT","pragma":"no-cache","cache-control":"no-cache, no-store, max-age=0, must-revalidate","content-type":"application/json; charset=utf-8","vary":"X-Origin, Referer, Origin,Accept-Encoding","server":"scaffolding on HTTPServer2","x-xss-protection":"0","x-frame-options":"SAMEORIGIN","x-content-type-options":"nosniff","alt-svc":"h3=\":443\"; ma=2592000,h3-29=\":443\"; ma=2592000,h3-T051=\":443\"; ma=2592000,h3-Q050=\":443\"; ma=2592000,h3-Q046=\":443\"; ma=2592000,h3-Q043=\":443\"; ma=2592000,quic=\":443\"; ma=2592000; v=\"46,43\"","accept-ranges":"none","transfer-encoding":"chunked"}
[debug] [2021-09-16T05:15:20.887Z] >>> HTTP REQUEST PATCH https://firebasehosting.googleapis.com/v1beta1/sites/niternotebot/versions/285d07c6dd547e4b?updateMask=status  
 {"status":"FINALIZED"}
[debug] [2021-09-16T05:15:23.609Z] <<< HTTP RESPONSE 200 {"content-type":"application/json; charset=UTF-8","vary":"X-Origin, Referer, Origin,Accept-Encoding","date":"Thu, 16 Sep 2021 05:15:23 GMT","server":"ESF","cache-control":"private","x-xss-protection":"0","x-frame-options":"SAMEORIGIN","x-content-type-options":"nosniff","alt-svc":"h3=\":443\"; ma=2592000,h3-29=\":443\"; ma=2592000,h3-T051=\":443\"; ma=2592000,h3-Q050=\":443\"; ma=2592000,h3-Q046=\":443\"; ma=2592000,h3-Q043=\":443\"; ma=2592000,quic=\":443\"; ma=2592000; v=\"46,43\"","accept-ranges":"none","transfer-encoding":"chunked"}
